<?xml version="1.0" encoding="UTF-8"?>
<testsuite name="StateTest" tests="1" skipped="0" failures="0" errors="0" timestamp="2019-12-29T01:28:47" hostname="Jenss-MacBook-Air.local" time="0.047">
  <properties/>
  <testcase name="testPassTurn" classname="StateTest" time="0.047"/>
  <system-out><![CDATA[]]></system-out>
  <system-err><![CDATA[]]></system-err>
</testsuite>
