<?xml version="1.0" encoding="UTF-8"?>
<testsuite name="StateTest" tests="1" skipped="0" failures="0" errors="0" timestamp="2020-01-05T18:22:51" hostname="Jenss-MacBook-Air.local" time="1.898">
  <properties/>
  <testcase name="testTerrainWheel" classname="StateTest" time="1.898"/>
  <system-out><![CDATA[]]></system-out>
  <system-err><![CDATA[]]></system-err>
</testsuite>
